2024-09-13 20:54:45 INFO  com.book_api.BookApiApplication - Starting BookApiApplication using Java 17.0.7 with PID 1596 (D:\Spring Boot\book_api\target\classes started by Abu Bakar in D:\Spring Boot\book_api)
2024-09-13 20:54:45 INFO  com.book_api.BookApiApplication - No active profile set, falling back to 1 default profile: "default"
2024-09-13 20:54:46 INFO  o.s.d.r.c.RepositoryConfigurationDelegate - Bootstrapping Spring Data JPA repositories in DEFAULT mode.
2024-09-13 20:54:46 INFO  o.s.d.r.c.RepositoryConfigurationDelegate - Finished Spring Data repository scanning in 79 ms. Found 1 JPA repository interface.
2024-09-13 20:54:47 INFO  o.s.b.w.e.tomcat.TomcatWebServer - Tomcat initialized with port 8088 (http)
2024-09-13 20:54:47 INFO  o.a.coyote.http11.Http11NioProtocol - Initializing ProtocolHandler ["http-nio-8088"]
2024-09-13 20:54:47 INFO  o.a.catalina.core.StandardService - Starting service [Tomcat]
2024-09-13 20:54:47 INFO  o.a.catalina.core.StandardEngine - Starting Servlet engine: [Apache Tomcat/10.1.28]
2024-09-13 20:54:47 INFO  o.a.c.c.C.[Tomcat].[localhost].[/] - Initializing Spring embedded WebApplicationContext
2024-09-13 20:54:47 INFO  o.s.b.w.s.c.ServletWebServerApplicationContext - Root WebApplicationContext: initialization completed in 2137 ms
2024-09-13 20:54:47 INFO  o.h.jpa.internal.util.LogHelper - HHH000204: Processing PersistenceUnitInfo [name: default]
2024-09-13 20:54:47 INFO  org.hibernate.Version - HHH000412: Hibernate ORM core version 6.4.10.Final
2024-09-13 20:54:47 INFO  o.h.c.i.RegionFactoryInitiator - HHH000026: Second-level cache disabled
2024-09-13 20:54:48 INFO  o.s.o.j.p.SpringPersistenceUnitInfo - No LoadTimeWeaver setup: ignoring JPA class transformer
2024-09-13 20:54:48 INFO  com.zaxxer.hikari.HikariDataSource - HikariPool-1 - Starting...
2024-09-13 20:54:49 INFO  com.zaxxer.hikari.pool.HikariPool - HikariPool-1 - Added connection com.mysql.cj.jdbc.ConnectionImpl@61c5fd78
2024-09-13 20:54:49 INFO  com.zaxxer.hikari.HikariDataSource - HikariPool-1 - Start completed.
2024-09-13 20:54:49 WARN  org.hibernate.dialect.Dialect - HHH000511: The 5.7.0 version for [org.hibernate.dialect.MySQLDialect] is no longer supported, hence certain features may not work properly. The minimum supported version is 8.0.0. Check the community dialects project for available legacy versions.
2024-09-13 20:54:50 INFO  o.h.e.t.j.p.i.JtaPlatformInitiator - HHH000489: No JTA platform available (set 'hibernate.transaction.jta.platform' to enable JTA platform integration)
2024-09-13 20:54:50 INFO  o.s.o.j.LocalContainerEntityManagerFactoryBean - Initialized JPA EntityManagerFactory for persistence unit 'default'
2024-09-13 20:54:51 WARN  o.s.b.a.o.j.JpaBaseConfiguration$JpaWebConfiguration - spring.jpa.open-in-view is enabled by default. Therefore, database queries may be performed during view rendering. Explicitly configure spring.jpa.open-in-view to disable this warning
2024-09-13 20:54:51 DEBUG o.s.w.s.m.m.a.RequestMappingHandlerMapping - 7 mappings in 'requestMappingHandlerMapping'
2024-09-13 20:54:51 DEBUG o.s.w.s.h.SimpleUrlHandlerMapping - Patterns [/webjars/**, /**] in 'resourceHandlerMapping'
2024-09-13 20:54:51 DEBUG o.s.w.s.m.m.a.RequestMappingHandlerAdapter - ControllerAdvice beans: 0 @ModelAttribute, 0 @InitBinder, 1 RequestBodyAdvice, 1 ResponseBodyAdvice
2024-09-13 20:54:51 DEBUG o.s.w.s.m.m.a.ExceptionHandlerExceptionResolver - ControllerAdvice beans: 1 @ExceptionHandler, 1 ResponseBodyAdvice
2024-09-13 20:54:51 INFO  o.a.coyote.http11.Http11NioProtocol - Starting ProtocolHandler ["http-nio-8088"]
2024-09-13 20:54:51 INFO  o.s.b.w.e.tomcat.TomcatWebServer - Tomcat started on port 8088 (http) with context path ''
2024-09-13 20:54:51 INFO  com.book_api.BookApiApplication - Started BookApiApplication in 7.582 seconds (process running for 9.216)
2024-09-13 20:56:34 INFO  o.s.b.a.SpringApplicationAdminMXBeanRegistrar$SpringApplicationAdmin - Application shutdown requested.
2024-09-13 20:56:34 INFO  o.a.coyote.http11.Http11NioProtocol - Stopping ProtocolHandler ["http-nio-8088"]
2024-09-13 20:56:35 INFO  o.s.o.j.LocalContainerEntityManagerFactoryBean - Closing JPA EntityManagerFactory for persistence unit 'default'
2024-09-13 20:56:35 INFO  com.zaxxer.hikari.HikariDataSource - HikariPool-1 - Shutdown initiated...
2024-09-13 20:56:35 INFO  com.zaxxer.hikari.HikariDataSource - HikariPool-1 - Shutdown completed.
2024-09-13 20:56:39 INFO  com.book_api.BookApiApplication - Starting BookApiApplication using Java 17.0.7 with PID 6412 (D:\Spring Boot\book_api\target\classes started by Abu Bakar in D:\Spring Boot\book_api)
2024-09-13 20:56:39 INFO  com.book_api.BookApiApplication - No active profile set, falling back to 1 default profile: "default"
2024-09-13 20:56:41 INFO  o.s.d.r.c.RepositoryConfigurationDelegate - Bootstrapping Spring Data JPA repositories in DEFAULT mode.
2024-09-13 20:56:41 INFO  o.s.d.r.c.RepositoryConfigurationDelegate - Finished Spring Data repository scanning in 142 ms. Found 1 JPA repository interface.
2024-09-13 20:56:42 INFO  o.s.b.w.e.tomcat.TomcatWebServer - Tomcat initialized with port 8088 (http)
2024-09-13 20:56:42 INFO  o.a.coyote.http11.Http11NioProtocol - Initializing ProtocolHandler ["http-nio-8088"]
2024-09-13 20:56:42 INFO  o.a.catalina.core.StandardService - Starting service [Tomcat]
2024-09-13 20:56:42 INFO  o.a.catalina.core.StandardEngine - Starting Servlet engine: [Apache Tomcat/10.1.28]
2024-09-13 20:56:42 INFO  o.a.c.c.C.[Tomcat].[localhost].[/] - Initializing Spring embedded WebApplicationContext
2024-09-13 20:56:42 INFO  o.s.b.w.s.c.ServletWebServerApplicationContext - Root WebApplicationContext: initialization completed in 2956 ms
2024-09-13 20:56:43 INFO  o.h.jpa.internal.util.LogHelper - HHH000204: Processing PersistenceUnitInfo [name: default]
2024-09-13 20:56:43 INFO  org.hibernate.Version - HHH000412: Hibernate ORM core version 6.4.10.Final
2024-09-13 20:56:43 INFO  o.h.c.i.RegionFactoryInitiator - HHH000026: Second-level cache disabled
2024-09-13 20:56:43 INFO  o.s.o.j.p.SpringPersistenceUnitInfo - No LoadTimeWeaver setup: ignoring JPA class transformer
2024-09-13 20:56:44 INFO  com.zaxxer.hikari.HikariDataSource - HikariPool-1 - Starting...
2024-09-13 20:56:44 INFO  com.zaxxer.hikari.pool.HikariPool - HikariPool-1 - Added connection com.mysql.cj.jdbc.ConnectionImpl@7b8b07ae
2024-09-13 20:56:44 INFO  com.zaxxer.hikari.HikariDataSource - HikariPool-1 - Start completed.
2024-09-13 20:56:44 WARN  org.hibernate.dialect.Dialect - HHH000511: The 5.7.0 version for [org.hibernate.dialect.MySQLDialect] is no longer supported, hence certain features may not work properly. The minimum supported version is 8.0.0. Check the community dialects project for available legacy versions.
2024-09-13 20:56:47 INFO  o.h.e.t.j.p.i.JtaPlatformInitiator - HHH000489: No JTA platform available (set 'hibernate.transaction.jta.platform' to enable JTA platform integration)
2024-09-13 20:56:47 INFO  o.s.o.j.LocalContainerEntityManagerFactoryBean - Initialized JPA EntityManagerFactory for persistence unit 'default'
2024-09-13 20:56:48 WARN  o.s.b.a.o.j.JpaBaseConfiguration$JpaWebConfiguration - spring.jpa.open-in-view is enabled by default. Therefore, database queries may be performed during view rendering. Explicitly configure spring.jpa.open-in-view to disable this warning
2024-09-13 20:56:48 DEBUG o.s.w.s.m.m.a.RequestMappingHandlerMapping - 7 mappings in 'requestMappingHandlerMapping'
2024-09-13 20:56:48 DEBUG o.s.w.s.h.SimpleUrlHandlerMapping - Patterns [/webjars/**, /**] in 'resourceHandlerMapping'
2024-09-13 20:56:48 DEBUG o.s.w.s.m.m.a.RequestMappingHandlerAdapter - ControllerAdvice beans: 0 @ModelAttribute, 0 @InitBinder, 1 RequestBodyAdvice, 1 ResponseBodyAdvice
2024-09-13 20:56:48 DEBUG o.s.w.s.m.m.a.ExceptionHandlerExceptionResolver - ControllerAdvice beans: 1 @ExceptionHandler, 1 ResponseBodyAdvice
2024-09-13 20:56:48 INFO  o.a.coyote.http11.Http11NioProtocol - Starting ProtocolHandler ["http-nio-8088"]
2024-09-13 20:56:49 INFO  o.s.b.w.e.tomcat.TomcatWebServer - Tomcat started on port 8088 (http) with context path ''
2024-09-13 20:56:49 INFO  com.book_api.BookApiApplication - Started BookApiApplication in 10.316 seconds (process running for 11.641)
2024-09-13 20:59:36 INFO  o.s.b.a.SpringApplicationAdminMXBeanRegistrar$SpringApplicationAdmin - Application shutdown requested.
2024-09-13 20:59:36 INFO  o.a.coyote.http11.Http11NioProtocol - Stopping ProtocolHandler ["http-nio-8088"]
2024-09-13 20:59:36 INFO  o.s.o.j.LocalContainerEntityManagerFactoryBean - Closing JPA EntityManagerFactory for persistence unit 'default'
2024-09-13 20:59:36 INFO  com.zaxxer.hikari.HikariDataSource - HikariPool-1 - Shutdown initiated...
2024-09-13 20:59:36 INFO  com.zaxxer.hikari.HikariDataSource - HikariPool-1 - Shutdown completed.
2024-09-20 23:17:19 INFO  com.book_api.BookApiApplication - Starting BookApiApplication using Java 19.0.2 with PID 10408 (D:\AllCode\Spring Boot\book_api\target\classes started by Abu Bakar in D:\AllCode\Spring Boot\book_api)
2024-09-20 23:17:19 INFO  com.book_api.BookApiApplication - No active profile set, falling back to 1 default profile: "default"
2024-09-20 23:17:21 INFO  o.s.d.r.c.RepositoryConfigurationDelegate - Bootstrapping Spring Data JPA repositories in DEFAULT mode.
2024-09-20 23:17:21 INFO  o.s.d.r.c.RepositoryConfigurationDelegate - Finished Spring Data repository scanning in 102 ms. Found 1 JPA repository interface.
2024-09-20 23:17:23 INFO  o.s.b.w.e.tomcat.TomcatWebServer - Tomcat initialized with port 8088 (http)
2024-09-20 23:17:23 INFO  o.a.coyote.http11.Http11NioProtocol - Initializing ProtocolHandler ["http-nio-8088"]
2024-09-20 23:17:23 INFO  o.a.catalina.core.StandardService - Starting service [Tomcat]
2024-09-20 23:17:23 INFO  o.a.catalina.core.StandardEngine - Starting Servlet engine: [Apache Tomcat/10.1.28]
2024-09-20 23:17:23 INFO  o.a.c.c.C.[Tomcat].[localhost].[/] - Initializing Spring embedded WebApplicationContext
2024-09-20 23:17:23 INFO  o.s.b.w.s.c.ServletWebServerApplicationContext - Root WebApplicationContext: initialization completed in 3161 ms
2024-09-20 23:17:23 INFO  o.h.jpa.internal.util.LogHelper - HHH000204: Processing PersistenceUnitInfo [name: default]
2024-09-20 23:17:23 INFO  org.hibernate.Version - HHH000412: Hibernate ORM core version 6.4.10.Final
2024-09-20 23:17:24 INFO  o.h.c.i.RegionFactoryInitiator - HHH000026: Second-level cache disabled
2024-09-20 23:17:24 INFO  o.s.o.j.p.SpringPersistenceUnitInfo - No LoadTimeWeaver setup: ignoring JPA class transformer
2024-09-20 23:17:24 INFO  com.zaxxer.hikari.HikariDataSource - HikariPool-1 - Starting...
2024-09-20 23:17:25 INFO  com.zaxxer.hikari.pool.HikariPool - HikariPool-1 - Added connection com.mysql.cj.jdbc.ConnectionImpl@3be80ece
2024-09-20 23:17:25 INFO  com.zaxxer.hikari.HikariDataSource - HikariPool-1 - Start completed.
2024-09-20 23:17:25 WARN  org.hibernate.dialect.Dialect - HHH000511: The 5.7.0 version for [org.hibernate.dialect.MySQLDialect] is no longer supported, hence certain features may not work properly. The minimum supported version is 8.0.0. Check the community dialects project for available legacy versions.
2024-09-20 23:17:27 INFO  o.h.e.t.j.p.i.JtaPlatformInitiator - HHH000489: No JTA platform available (set 'hibernate.transaction.jta.platform' to enable JTA platform integration)
2024-09-20 23:17:27 INFO  o.s.o.j.LocalContainerEntityManagerFactoryBean - Initialized JPA EntityManagerFactory for persistence unit 'default'
2024-09-20 23:17:27 WARN  o.s.b.a.o.j.JpaBaseConfiguration$JpaWebConfiguration - spring.jpa.open-in-view is enabled by default. Therefore, database queries may be performed during view rendering. Explicitly configure spring.jpa.open-in-view to disable this warning
2024-09-20 23:17:28 DEBUG o.s.w.s.m.m.a.RequestMappingHandlerMapping - 7 mappings in 'requestMappingHandlerMapping'
2024-09-20 23:17:28 DEBUG o.s.w.s.h.SimpleUrlHandlerMapping - Patterns [/webjars/**, /**] in 'resourceHandlerMapping'
2024-09-20 23:17:28 DEBUG o.s.w.s.m.m.a.RequestMappingHandlerAdapter - ControllerAdvice beans: 0 @ModelAttribute, 0 @InitBinder, 1 RequestBodyAdvice, 1 ResponseBodyAdvice
2024-09-20 23:17:28 DEBUG o.s.w.s.m.m.a.ExceptionHandlerExceptionResolver - ControllerAdvice beans: 1 @ExceptionHandler, 1 ResponseBodyAdvice
2024-09-20 23:17:28 INFO  o.a.coyote.http11.Http11NioProtocol - Starting ProtocolHandler ["http-nio-8088"]
2024-09-20 23:17:28 INFO  o.s.b.w.e.tomcat.TomcatWebServer - Tomcat started on port 8088 (http) with context path ''
2024-09-20 23:17:28 INFO  com.book_api.BookApiApplication - Started BookApiApplication in 10.223 seconds (process running for 13.127)
2024-09-20 23:39:46 INFO  o.s.o.j.LocalContainerEntityManagerFactoryBean - Closing JPA EntityManagerFactory for persistence unit 'default'
2024-09-20 23:39:46 INFO  com.zaxxer.hikari.HikariDataSource - HikariPool-1 - Shutdown initiated...
2024-09-20 23:39:46 INFO  com.zaxxer.hikari.HikariDataSource - HikariPool-1 - Shutdown completed.
2024-09-20 23:39:53 INFO  com.book_api.BookApiApplication - Starting BookApiApplication using Java 19.0.2 with PID 2040 (D:\AllCode\Spring Boot\book_api\target\classes started by Abu Bakar in D:\AllCode\Spring Boot\book_api)
2024-09-20 23:39:53 INFO  com.book_api.BookApiApplication - No active profile set, falling back to 1 default profile: "default"
2024-09-20 23:39:54 INFO  o.s.d.r.c.RepositoryConfigurationDelegate - Bootstrapping Spring Data JPA repositories in DEFAULT mode.
2024-09-20 23:39:54 INFO  o.s.d.r.c.RepositoryConfigurationDelegate - Finished Spring Data repository scanning in 96 ms. Found 1 JPA repository interface.
2024-09-20 23:39:56 INFO  o.s.b.w.e.tomcat.TomcatWebServer - Tomcat initialized with port 8088 (http)
2024-09-20 23:39:56 INFO  o.a.coyote.http11.Http11NioProtocol - Initializing ProtocolHandler ["http-nio-8088"]
2024-09-20 23:39:56 INFO  o.a.catalina.core.StandardService - Starting service [Tomcat]
2024-09-20 23:39:56 INFO  o.a.catalina.core.StandardEngine - Starting Servlet engine: [Apache Tomcat/10.1.28]
2024-09-20 23:39:56 INFO  o.a.c.c.C.[Tomcat].[localhost].[/] - Initializing Spring embedded WebApplicationContext
2024-09-20 23:39:56 INFO  o.s.b.w.s.c.ServletWebServerApplicationContext - Root WebApplicationContext: initialization completed in 3294 ms
2024-09-20 23:39:57 INFO  o.h.jpa.internal.util.LogHelper - HHH000204: Processing PersistenceUnitInfo [name: default]
2024-09-20 23:39:57 INFO  org.hibernate.Version - HHH000412: Hibernate ORM core version 6.4.10.Final
2024-09-20 23:39:57 INFO  o.h.c.i.RegionFactoryInitiator - HHH000026: Second-level cache disabled
2024-09-20 23:39:57 INFO  o.s.o.j.p.SpringPersistenceUnitInfo - No LoadTimeWeaver setup: ignoring JPA class transformer
2024-09-20 23:39:58 INFO  com.zaxxer.hikari.HikariDataSource - HikariPool-1 - Starting...
2024-09-20 23:39:58 INFO  com.zaxxer.hikari.pool.HikariPool - HikariPool-1 - Added connection com.mysql.cj.jdbc.ConnectionImpl@2211b44f
2024-09-20 23:39:58 INFO  com.zaxxer.hikari.HikariDataSource - HikariPool-1 - Start completed.
2024-09-20 23:39:58 WARN  org.hibernate.dialect.Dialect - HHH000511: The 5.7.0 version for [org.hibernate.dialect.MySQLDialect] is no longer supported, hence certain features may not work properly. The minimum supported version is 8.0.0. Check the community dialects project for available legacy versions.
2024-09-20 23:40:00 INFO  o.h.e.t.j.p.i.JtaPlatformInitiator - HHH000489: No JTA platform available (set 'hibernate.transaction.jta.platform' to enable JTA platform integration)
2024-09-20 23:40:00 INFO  o.s.o.j.LocalContainerEntityManagerFactoryBean - Initialized JPA EntityManagerFactory for persistence unit 'default'
2024-09-20 23:40:00 WARN  o.s.b.a.o.j.JpaBaseConfiguration$JpaWebConfiguration - spring.jpa.open-in-view is enabled by default. Therefore, database queries may be performed during view rendering. Explicitly configure spring.jpa.open-in-view to disable this warning
2024-09-20 23:40:01 DEBUG o.s.w.s.m.m.a.RequestMappingHandlerMapping - 7 mappings in 'requestMappingHandlerMapping'
2024-09-20 23:40:01 DEBUG o.s.w.s.h.SimpleUrlHandlerMapping - Patterns [/webjars/**, /**] in 'resourceHandlerMapping'
2024-09-20 23:40:01 DEBUG o.s.w.s.m.m.a.RequestMappingHandlerAdapter - ControllerAdvice beans: 0 @ModelAttribute, 0 @InitBinder, 1 RequestBodyAdvice, 1 ResponseBodyAdvice
2024-09-20 23:40:01 DEBUG o.s.w.s.m.m.a.ExceptionHandlerExceptionResolver - ControllerAdvice beans: 1 @ExceptionHandler, 1 ResponseBodyAdvice
2024-09-20 23:40:01 INFO  o.a.coyote.http11.Http11NioProtocol - Starting ProtocolHandler ["http-nio-8088"]
2024-09-20 23:40:01 INFO  o.s.b.w.e.tomcat.TomcatWebServer - Tomcat started on port 8088 (http) with context path ''
2024-09-20 23:40:01 INFO  com.book_api.BookApiApplication - Started BookApiApplication in 9.387 seconds (process running for 10.794)
2024-09-20 23:44:42 INFO  com.book_api.BookApiApplication - Starting BookApiApplication using Java 19.0.2 with PID 14168 (D:\AllCode\Spring Boot\book_api\target\classes started by Abu Bakar in D:\AllCode\Spring Boot\book_api)
2024-09-20 23:44:42 INFO  com.book_api.BookApiApplication - No active profile set, falling back to 1 default profile: "default"
2024-09-20 23:44:43 INFO  o.s.d.r.c.RepositoryConfigurationDelegate - Bootstrapping Spring Data JPA repositories in DEFAULT mode.
2024-09-20 23:44:43 INFO  o.s.d.r.c.RepositoryConfigurationDelegate - Finished Spring Data repository scanning in 85 ms. Found 1 JPA repository interface.
2024-09-20 23:44:45 INFO  o.s.b.w.e.tomcat.TomcatWebServer - Tomcat initialized with port 8088 (http)
2024-09-20 23:44:45 INFO  o.a.coyote.http11.Http11NioProtocol - Initializing ProtocolHandler ["http-nio-8088"]
2024-09-20 23:44:45 INFO  o.a.catalina.core.StandardService - Starting service [Tomcat]
2024-09-20 23:44:45 INFO  o.a.catalina.core.StandardEngine - Starting Servlet engine: [Apache Tomcat/10.1.28]
2024-09-20 23:44:45 INFO  o.a.c.c.C.[Tomcat].[localhost].[/] - Initializing Spring embedded WebApplicationContext
2024-09-20 23:44:45 INFO  o.s.b.w.s.c.ServletWebServerApplicationContext - Root WebApplicationContext: initialization completed in 2787 ms
2024-09-20 23:44:45 INFO  o.h.jpa.internal.util.LogHelper - HHH000204: Processing PersistenceUnitInfo [name: default]
2024-09-20 23:44:45 INFO  org.hibernate.Version - HHH000412: Hibernate ORM core version 6.4.10.Final
2024-09-20 23:44:45 INFO  o.h.c.i.RegionFactoryInitiator - HHH000026: Second-level cache disabled
2024-09-20 23:44:46 INFO  o.s.o.j.p.SpringPersistenceUnitInfo - No LoadTimeWeaver setup: ignoring JPA class transformer
2024-09-20 23:44:46 INFO  com.zaxxer.hikari.HikariDataSource - HikariPool-1 - Starting...
2024-09-20 23:44:47 INFO  com.zaxxer.hikari.pool.HikariPool - HikariPool-1 - Added connection com.mysql.cj.jdbc.ConnectionImpl@3e4afd10
2024-09-20 23:44:47 INFO  com.zaxxer.hikari.HikariDataSource - HikariPool-1 - Start completed.
2024-09-20 23:44:47 WARN  org.hibernate.dialect.Dialect - HHH000511: The 5.7.0 version for [org.hibernate.dialect.MySQLDialect] is no longer supported, hence certain features may not work properly. The minimum supported version is 8.0.0. Check the community dialects project for available legacy versions.
2024-09-20 23:44:48 INFO  o.h.e.t.j.p.i.JtaPlatformInitiator - HHH000489: No JTA platform available (set 'hibernate.transaction.jta.platform' to enable JTA platform integration)
2024-09-20 23:44:48 INFO  o.s.o.j.LocalContainerEntityManagerFactoryBean - Initialized JPA EntityManagerFactory for persistence unit 'default'
2024-09-20 23:44:49 WARN  o.s.b.a.o.j.JpaBaseConfiguration$JpaWebConfiguration - spring.jpa.open-in-view is enabled by default. Therefore, database queries may be performed during view rendering. Explicitly configure spring.jpa.open-in-view to disable this warning
2024-09-20 23:44:49 DEBUG o.s.w.s.m.m.a.RequestMappingHandlerMapping - 7 mappings in 'requestMappingHandlerMapping'
2024-09-20 23:44:49 DEBUG o.s.w.s.h.SimpleUrlHandlerMapping - Patterns [/webjars/**, /**] in 'resourceHandlerMapping'
2024-09-20 23:44:49 DEBUG o.s.w.s.m.m.a.RequestMappingHandlerAdapter - ControllerAdvice beans: 0 @ModelAttribute, 0 @InitBinder, 1 RequestBodyAdvice, 1 ResponseBodyAdvice
2024-09-20 23:44:49 DEBUG o.s.w.s.m.m.a.ExceptionHandlerExceptionResolver - ControllerAdvice beans: 1 @ExceptionHandler, 1 ResponseBodyAdvice
2024-09-20 23:44:49 INFO  o.a.coyote.http11.Http11NioProtocol - Starting ProtocolHandler ["http-nio-8088"]
2024-09-20 23:44:49 INFO  o.s.b.w.e.tomcat.TomcatWebServer - Tomcat started on port 8088 (http) with context path ''
2024-09-20 23:44:49 INFO  com.book_api.BookApiApplication - Started BookApiApplication in 8.693 seconds (process running for 11.131)
2024-09-20 23:52:35 INFO  o.s.o.j.LocalContainerEntityManagerFactoryBean - Closing JPA EntityManagerFactory for persistence unit 'default'
2024-09-20 23:52:35 INFO  com.zaxxer.hikari.HikariDataSource - HikariPool-1 - Shutdown initiated...
2024-09-20 23:52:35 INFO  com.zaxxer.hikari.HikariDataSource - HikariPool-1 - Shutdown completed.
2024-09-20 23:52:45 INFO  com.book_api.BookApiApplication - Starting BookApiApplication using Java 19.0.2 with PID 4480 (D:\AllCode\Spring Boot\book_api\target\classes started by Abu Bakar in D:\AllCode\Spring Boot\book_api)
2024-09-20 23:52:45 INFO  com.book_api.BookApiApplication - No active profile set, falling back to 1 default profile: "default"
2024-09-20 23:52:47 INFO  o.s.d.r.c.RepositoryConfigurationDelegate - Bootstrapping Spring Data JPA repositories in DEFAULT mode.
2024-09-20 23:52:47 INFO  o.s.d.r.c.RepositoryConfigurationDelegate - Finished Spring Data repository scanning in 130 ms. Found 1 JPA repository interface.
2024-09-20 23:52:48 INFO  o.s.b.w.e.tomcat.TomcatWebServer - Tomcat initialized with port 8088 (http)
2024-09-20 23:52:48 INFO  o.a.coyote.http11.Http11NioProtocol - Initializing ProtocolHandler ["http-nio-8088"]
2024-09-20 23:52:48 INFO  o.a.catalina.core.StandardService - Starting service [Tomcat]
2024-09-20 23:52:48 INFO  o.a.catalina.core.StandardEngine - Starting Servlet engine: [Apache Tomcat/10.1.28]
2024-09-20 23:52:48 INFO  o.a.c.c.C.[Tomcat].[localhost].[/] - Initializing Spring embedded WebApplicationContext
2024-09-20 23:52:48 INFO  o.s.b.w.s.c.ServletWebServerApplicationContext - Root WebApplicationContext: initialization completed in 2709 ms
2024-09-20 23:52:48 INFO  o.h.jpa.internal.util.LogHelper - HHH000204: Processing PersistenceUnitInfo [name: default]
2024-09-20 23:52:48 INFO  org.hibernate.Version - HHH000412: Hibernate ORM core version 6.4.10.Final
2024-09-20 23:52:48 INFO  o.h.c.i.RegionFactoryInitiator - HHH000026: Second-level cache disabled
2024-09-20 23:52:49 INFO  o.s.o.j.p.SpringPersistenceUnitInfo - No LoadTimeWeaver setup: ignoring JPA class transformer
2024-09-20 23:52:49 INFO  com.zaxxer.hikari.HikariDataSource - HikariPool-1 - Starting...
2024-09-20 23:52:49 INFO  com.zaxxer.hikari.pool.HikariPool - HikariPool-1 - Added connection com.mysql.cj.jdbc.ConnectionImpl@61c87f1b
2024-09-20 23:52:50 INFO  com.zaxxer.hikari.HikariDataSource - HikariPool-1 - Start completed.
2024-09-20 23:52:50 WARN  org.hibernate.dialect.Dialect - HHH000511: The 5.7.0 version for [org.hibernate.dialect.MySQLDialect] is no longer supported, hence certain features may not work properly. The minimum supported version is 8.0.0. Check the community dialects project for available legacy versions.
2024-09-20 23:52:51 INFO  o.h.e.t.j.p.i.JtaPlatformInitiator - HHH000489: No JTA platform available (set 'hibernate.transaction.jta.platform' to enable JTA platform integration)
2024-09-20 23:52:51 INFO  o.s.o.j.LocalContainerEntityManagerFactoryBean - Initialized JPA EntityManagerFactory for persistence unit 'default'
2024-09-20 23:52:52 WARN  o.s.b.a.o.j.JpaBaseConfiguration$JpaWebConfiguration - spring.jpa.open-in-view is enabled by default. Therefore, database queries may be performed during view rendering. Explicitly configure spring.jpa.open-in-view to disable this warning
2024-09-20 23:52:52 DEBUG o.s.w.s.m.m.a.RequestMappingHandlerMapping - 7 mappings in 'requestMappingHandlerMapping'
2024-09-20 23:52:52 DEBUG o.s.w.s.h.SimpleUrlHandlerMapping - Patterns [/webjars/**, /**] in 'resourceHandlerMapping'
2024-09-20 23:52:52 DEBUG o.s.w.s.m.m.a.RequestMappingHandlerAdapter - ControllerAdvice beans: 0 @ModelAttribute, 0 @InitBinder, 1 RequestBodyAdvice, 1 ResponseBodyAdvice
2024-09-20 23:52:52 DEBUG o.s.w.s.m.m.a.ExceptionHandlerExceptionResolver - ControllerAdvice beans: 1 @ExceptionHandler, 1 ResponseBodyAdvice
2024-09-20 23:52:52 INFO  o.a.coyote.http11.Http11NioProtocol - Starting ProtocolHandler ["http-nio-8088"]
2024-09-20 23:52:52 INFO  o.s.b.w.e.tomcat.TomcatWebServer - Tomcat started on port 8088 (http) with context path ''
2024-09-20 23:52:52 INFO  com.book_api.BookApiApplication - Started BookApiApplication in 8.558 seconds (process running for 10.297)
2024-09-20 23:54:38 INFO  o.a.c.c.C.[Tomcat].[localhost].[/] - Initializing Spring DispatcherServlet 'dispatcherServlet'
2024-09-20 23:54:38 INFO  o.s.web.servlet.DispatcherServlet - Initializing Servlet 'dispatcherServlet'
2024-09-20 23:54:38 DEBUG o.s.web.servlet.DispatcherServlet - Detected StandardServletMultipartResolver
2024-09-20 23:54:38 DEBUG o.s.web.servlet.DispatcherServlet - Detected AcceptHeaderLocaleResolver
2024-09-20 23:54:38 DEBUG o.s.web.servlet.DispatcherServlet - Detected FixedThemeResolver
2024-09-20 23:54:38 DEBUG o.s.web.servlet.DispatcherServlet - Detected org.springframework.web.servlet.view.DefaultRequestToViewNameTranslator@6f12fca0
2024-09-20 23:54:38 DEBUG o.s.web.servlet.DispatcherServlet - Detected org.springframework.web.servlet.support.SessionFlashMapManager@7a689979
2024-09-20 23:54:38 DEBUG o.s.web.servlet.DispatcherServlet - enableLoggingRequestDetails='false': request parameters and headers will be masked to prevent unsafe logging of potentially sensitive data
2024-09-20 23:54:38 INFO  o.s.web.servlet.DispatcherServlet - Completed initialization in 5 ms
2024-09-20 23:54:38 DEBUG o.s.web.servlet.DispatcherServlet - GET "/api/get/1", parameters={}
2024-09-20 23:54:38 DEBUG o.s.w.s.m.m.a.RequestMappingHandlerMapping - Mapped to com.book_api.controller.Book_Controller#fetchById(int)
2024-09-20 23:55:05 DEBUG o.s.w.s.m.m.a.ExceptionHandlerExceptionResolver - Using @ExceptionHandler com.book_api.exception.ExceptionHandller#resourceNotFound(ResourceNotFoundException)
2024-09-20 23:55:05 DEBUG o.s.w.s.m.m.a.HttpEntityMethodProcessor - Using 'text/plain', given [text/plain, application/json, application/*+json, */*] and supported [text/plain, */*, application/json, application/*+json]
2024-09-20 23:55:05 DEBUG o.s.w.s.m.m.a.HttpEntityMethodProcessor - Writing ["id not found"]
2024-09-20 23:55:05 DEBUG o.s.w.s.m.m.a.ExceptionHandlerExceptionResolver - Resolved [com.book_api.exception.ResourceNotFoundException: id not found]
2024-09-20 23:55:05 DEBUG o.s.web.servlet.DispatcherServlet - Completed 404 NOT_FOUND
2024-09-20 23:56:35 DEBUG o.s.web.servlet.DispatcherServlet - GET "/api/get/9", parameters={}
2024-09-20 23:56:35 DEBUG o.s.w.s.m.m.a.RequestMappingHandlerMapping - Mapped to com.book_api.controller.Book_Controller#fetchById(int)
2024-09-20 23:57:07 DEBUG o.s.w.s.m.m.a.HttpEntityMethodProcessor - Using 'application/json', given [text/plain, application/json, application/*+json, */*] and supported [application/json, application/*+json]
2024-09-20 23:57:07 DEBUG o.s.w.s.m.m.a.HttpEntityMethodProcessor - Writing [BookEntity [id=9, book_name=java, author=James gosling]]
2024-09-20 23:57:07 DEBUG o.s.web.servlet.DispatcherServlet - Completed 302 FOUND
2024-09-21 00:05:52 DEBUG o.s.web.servlet.DispatcherServlet - GET "/api/get/9", parameters={}
2024-09-21 00:05:52 DEBUG o.s.w.s.m.m.a.RequestMappingHandlerMapping - Mapped to com.book_api.controller.Book_Controller#fetchById(int)
2024-09-21 00:05:57 DEBUG o.s.w.s.m.m.a.HttpEntityMethodProcessor - Using 'application/json', given [text/plain, application/json, application/*+json, */*] and supported [application/json, application/*+json]
2024-09-21 00:05:57 DEBUG o.s.w.s.m.m.a.HttpEntityMethodProcessor - Writing [BookEntity [id=9, book_name=java, author=James gosling]]
2024-09-21 00:05:57 DEBUG o.s.web.servlet.DispatcherServlet - Completed 302 FOUND
2024-09-21 00:11:57 DEBUG o.s.web.servlet.DispatcherServlet - GET "/api/get/9", parameters={}
2024-09-21 00:11:57 DEBUG o.s.w.s.m.m.a.RequestMappingHandlerMapping - Mapped to com.book_api.controller.Book_Controller#fetchById(int)
2024-09-21 00:12:00 DEBUG o.s.w.s.m.m.a.HttpEntityMethodProcessor - Using 'application/json', given [text/plain, application/json, application/*+json, */*] and supported [application/json, application/*+json]
2024-09-21 00:12:00 DEBUG o.s.w.s.m.m.a.HttpEntityMethodProcessor - Writing [BookEntity [id=9, book_name=java, author=James gosling]]
2024-09-21 00:12:00 DEBUG o.s.web.servlet.DispatcherServlet - Completed 302 FOUND
2024-09-21 00:36:12 INFO  o.s.o.j.LocalContainerEntityManagerFactoryBean - Closing JPA EntityManagerFactory for persistence unit 'default'
2024-09-21 00:36:12 INFO  com.zaxxer.hikari.HikariDataSource - HikariPool-1 - Shutdown initiated...
2024-09-21 00:36:12 INFO  com.zaxxer.hikari.HikariDataSource - HikariPool-1 - Shutdown completed.
